# JRE version: Java(TM) SE Runtime Environment (7.0_51-b13) (build 1.7.0_51-b13)
# Java VM: Java HotSpot(TM) Client VM (24.51-b03 mixed mode, sharing windows-x86 )
Heap
 def new generation   total 8640K, used 3119K [0x23c10000, 0x24560000, 0x29160000)
  eden space 7744K,  29% used [0x23c10000, 0x23e4bfa8, 0x243a0000)
  from space 896K,  92% used [0x243a0000, 0x2446fed8, 0x24480000)
  to   space 896K,   0% used [0x24480000, 0x24480000, 0x24560000)
 tenured generation   total 19020K, used 17671K [0x29160000, 0x2a3f3000, 0x33c10000)
   the space 19020K,  92% used [0x29160000, 0x2a2a1cd0, 0x2a2a1e00, 0x2a3f3000)
 compacting perm gen  total 12288K, used 5717K [0x33c10000, 0x34810000, 0x37c10000)
   the space 12288K,  46% used [0x33c10000, 0x341a5490, 0x341a5600, 0x34810000)
    ro space 10240K,  44% used [0x37c10000, 0x38087e30, 0x38088000, 0x38610000)
    rw space 12288K,  52% used [0x38610000, 0x38c5eb58, 0x38c5ec00, 0x39210000)
GC Heap History (10 events):
Event: 6.334 GC heap before
{Heap before GC invocations=3 (full 0):
 def new generation   total 4928K, used 4908K [0x23c10000, 0x24160000, 0x29160000)
  eden space 4416K,  99% used [0x23c10000, 0x2405b108, 0x24060000)
  from space 512K, 100% used [0x240e0000, 0x24160000, 0x24160000)
  to   space 512K,   0% used [0x24060000, 0x24060000, 0x240e0000)
 tenured generation   total 10944K, used 3454K [0x29160000, 0x29c10000, 0x33c10000)
   the space 10944K,  31% used [0x29160000, 0x294bfac0, 0x294bfc00, 0x29c10000)
 compacting perm gen  total 12288K, used 5551K [0x33c10000, 0x34810000, 0x37c10000)
   the space 12288K,  45% used [0x33c10000, 0x3417bd68, 0x3417be00, 0x34810000)
    ro space 10240K,  44% used [0x37c10000, 0x38087e30, 0x38088000, 0x38610000)
    rw space 12288K,  52% used [0x38610000, 0x38c5eb58, 0x38c5ec00, 0x39210000)
Event: 6.343 GC heap after
Heap after GC invocations=4 (full 0):
 def new generation   total 4928K, used 512K [0x23c10000, 0x24160000, 0x29160000)
  eden space 4416K,   0% used [0x23c10000, 0x23c10000, 0x24060000)
  from space 512K, 100% used [0x24060000, 0x240e0000, 0x240e0000)
  to   space 512K,   0% used [0x240e0000, 0x240e0000, 0x24160000)
 tenured generation   total 10944K, used 5395K [0x29160000, 0x29c10000, 0x33c10000)
   the space 10944K,  49% used [0x29160000, 0x296a4f98, 0x296a5000, 0x29c10000)
 compacting perm gen  total 12288K, used 5551K [0x33c10000, 0x34810000, 0x37c10000)
   the space 12288K,  45% used [0x33c10000, 0x3417bd68, 0x3417be00, 0x34810000)
    ro space 10240K,  44% used [0x37c10000, 0x38087e30, 0x38088000, 0x38610000)
    rw space 12288K,  52% used [0x38610000, 0x38c5eb58, 0x38c5ec00, 0x39210000)
}
Event: 8.849 GC heap before
{Heap before GC invocations=4 (full 0):
 def new generation   total 4928K, used 4868K [0x23c10000, 0x24160000, 0x29160000)
  eden space 4416K,  98% used [0x23c10000, 0x24051040, 0x24060000)
  from space 512K, 100% used [0x24060000, 0x240e0000, 0x240e0000)
  to   space 512K,   0% used [0x240e0000, 0x240e0000, 0x24160000)
 tenured generation   total 10944K, used 5395K [0x29160000, 0x29c10000, 0x33c10000)
   the space 10944K,  49% used [0x29160000, 0x296a4f98, 0x296a5000, 0x29c10000)
 compacting perm gen  total 12288K, used 5551K [0x33c10000, 0x34810000, 0x37c10000)
   the space 12288K,  45% used [0x33c10000, 0x3417bd68, 0x3417be00, 0x34810000)
    ro space 10240K,  44% used [0x37c10000, 0x38087e30, 0x38088000, 0x38610000)
    rw space 12288K,  52% used [0x38610000, 0x38c5eb58, 0x38c5ec00, 0x39210000)
Event: 8.856 GC heap after
Heap after GC invocations=5 (full 0):
 def new generation   total 4928K, used 512K [0x23c10000, 0x24160000, 0x29160000)
  eden space 4416K,   0% used [0x23c10000, 0x23c10000, 0x24060000)
  from space 512K, 100% used [0x240e0000, 0x24160000, 0x24160000)
  to   space 512K,   0% used [0x24060000, 0x24060000, 0x240e0000)
 tenured generation   total 10944K, used 8927K [0x29160000, 0x29c10000, 0x33c10000)
   the space 10944K,  81% used [0x29160000, 0x29a17d40, 0x29a17e00, 0x29c10000)
 compacting perm gen  total 12288K, used 5551K [0x33c10000, 0x34810000, 0x37c10000)
   the space 12288K,  45% used [0x33c10000, 0x3417bd68, 0x3417be00, 0x34810000)
    ro space 10240K,  44% used [0x37c10000, 0x38087e30, 0x38088000, 0x38610000)
    rw space 12288K,  52% used [0x38610000, 0x38c5eb58, 0x38c5ec00, 0x39210000)
}
Event: 12.498 GC heap before
{Heap before GC invocations=5 (full 0):
 def new generation   total 4928K, used 4851K [0x23c10000, 0x24160000, 0x29160000)
  eden space 4416K,  98% used [0x23c10000, 0x2404cee8, 0x24060000)
  from space 512K, 100% used [0x240e0000, 0x24160000, 0x24160000)
  to   space 512K,   0% used [0x24060000, 0x24060000, 0x240e0000)
 tenured generation   total 10944K, used 8927K [0x29160000, 0x29c10000, 0x33c10000)
   the space 10944K,  81% used [0x29160000, 0x29a17d40, 0x29a17e00, 0x29c10000)
 compacting perm gen  total 12288K, used 5554K [0x33c10000, 0x34810000, 0x37c10000)
   the space 12288K,  45% used [0x33c10000, 0x3417cae0, 0x3417cc00, 0x34810000)
    ro space 10240K,  44% used [0x37c10000, 0x38087e30, 0x38088000, 0x38610000)
    rw space 12288K,  52% used [0x38610000, 0x38c5eb58, 0x38c5ec00, 0x39210000)
Event: 12.587 GC heap after
Heap after GC invocations=6 (full 1):
 def new generation   total 8640K, used 0K [0x23c10000, 0x24560000, 0x29160000)
  eden space 7744K,   0% used [0x23c10000, 0x23c10000, 0x243a0000)
  from space 896K,   0% used [0x243a0000, 0x243a0000, 0x24480000)
  to   space 896K,   0% used [0x24480000, 0x24480000, 0x24560000)
 tenured generation   total 19020K, used 11411K [0x29160000, 0x2a3f3000, 0x33c10000)
   the space 19020K,  59% used [0x29160000, 0x29c84ec0, 0x29c85000, 0x2a3f3000)
 compacting perm gen  total 12288K, used 5554K [0x33c10000, 0x34810000, 0x37c10000)
   the space 12288K,  45% used [0x33c10000, 0x3417cae0, 0x3417cc00, 0x34810000)
    ro space 10240K,  44% used [0x37c10000, 0x38087e30, 0x38088000, 0x38610000)
    rw space 12288K,  52% used [0x38610000, 0x38c5eb58, 0x38c5ec00, 0x39210000)
}
Event: 16.452 GC heap before
{Heap before GC invocations=6 (full 1):
 def new generation   total 8640K, used 7690K [0x23c10000, 0x24560000, 0x29160000)
  eden space 7744K,  99% used [0x23c10000, 0x24392990, 0x243a0000)
  from space 896K,   0% used [0x243a0000, 0x243a0000, 0x24480000)
  to   space 896K,   0% used [0x24480000, 0x24480000, 0x24560000)
 tenured generation   total 19020K, used 11411K [0x29160000, 0x2a3f3000, 0x33c10000)
   the space 19020K,  59% used [0x29160000, 0x29c84ec0, 0x29c85000, 0x2a3f3000)
 compacting perm gen  total 12288K, used 5617K [0x33c10000, 0x34810000, 0x37c10000)
   the space 12288K,  45% used [0x33c10000, 0x3418c668, 0x3418c800, 0x34810000)
    ro space 10240K,  44% used [0x37c10000, 0x38087e30, 0x38088000, 0x38610000)
    rw space 12288K,  52% used [0x38610000, 0x38c5eb58, 0x38c5ec00, 0x39210000)
Event: 16.460 GC heap after
Heap after GC invocations=7 (full 1):
 def new generation   total 8640K, used 896K [0x23c10000, 0x24560000, 0x29160000)
  eden space 7744K,   0% used [0x23c10000, 0x23c10000, 0x243a0000)
  from space 896K, 100% used [0x24480000, 0x24560000, 0x24560000)
  to   space 896K,   0% used [0x243a0000, 0x243a0000, 0x24480000)
 tenured generation   total 19020K, used 16775K [0x29160000, 0x2a3f3000, 0x33c10000)
   the space 19020K,  88% used [0x29160000, 0x2a1c1f80, 0x2a1c2000, 0x2a3f3000)
 compacting perm gen  total 12288K, used 5617K [0x33c10000, 0x34810000, 0x37c10000)
   the space 12288K,  45% used [0x33c10000, 0x3418c668, 0x3418c800, 0x34810000)
    ro space 10240K,  44% used [0x37c10000, 0x38087e30, 0x38088000, 0x38610000)
    rw space 12288K,  52% used [0x38610000, 0x38c5eb58, 0x38c5ec00, 0x39210000)
}
Event: 16735.490 GC heap before
{Heap before GC invocations=7 (full 1):
 def new generation   total 8640K, used 8640K [0x23c10000, 0x24560000, 0x29160000)
  eden space 7744K, 100% used [0x23c10000, 0x243a0000, 0x243a0000)
  from space 896K, 100% used [0x24480000, 0x24560000, 0x24560000)
  to   space 896K,   0% used [0x243a0000, 0x243a0000, 0x24480000)
 tenured generation   total 19020K, used 16775K [0x29160000, 0x2a3f3000, 0x33c10000)
   the space 19020K,  88% used [0x29160000, 0x2a1c1f80, 0x2a1c2000, 0x2a3f3000)
 compacting perm gen  total 12288K, used 5710K [0x33c10000, 0x34810000, 0x37c10000)
   the space 12288K,  46% used [0x33c10000, 0x341a3a08, 0x341a3c00, 0x34810000)
    ro space 10240K,  44% used [0x37c10000, 0x38087e30, 0x38088000, 0x38610000)
    rw space 12288K,  52% used [0x38610000, 0x38c5eb58, 0x38c5ec00, 0x39210000)
Event: 16751.950 GC heap after
Heap after GC invocations=8 (full 1):
 def new generation   total 8640K, used 831K [0x23c10000, 0x24560000, 0x29160000)
  eden space 7744K,   0% used [0x23c10000, 0x23c10000, 0x243a0000)
  from space 896K,  92% used [0x243a0000, 0x2446fed8, 0x24480000)
  to   space 896K,   0% used [0x24480000, 0x24480000, 0x24560000)
 tenured generation   total 19020K, used 17671K [0x29160000, 0x2a3f3000, 0x33c10000)
   the space 19020K,  92% used [0x29160000, 0x2a2a1cd0, 0x2a2a1e00, 0x2a3f3000)
 compacting perm gen  total 12288K, used 5710K [0x33c10000, 0x34810000, 0x37c10000)
   the space 12288K,  46% used [0x33c10000, 0x341a3a08, 0x341a3c00, 0x34810000)
    ro space 10240K,  44% used [0x37c10000, 0x38087e30, 0x38088000, 0x38610000)
    rw space 12288K,  52% used [0x38610000, 0x38c5eb58, 0x38c5ec00, 0x39210000)
}

